[27-Jul-2024 00:51:57 UTC] PHP Fatal error:  Uncaught TypeError: Unsupported operand types: string + string in /Users/jameswesleygoedert/Local Sites/fictional-university/app/public/wp-content/themes/fictional-university-theme/index.php:8
Stack trace:
#0 /Users/jameswesleygoedert/Local Sites/fictional-university/app/public/wp-includes/template-loader.php(106): include()
#1 /Users/jameswesleygoedert/Local Sites/fictional-university/app/public/wp-blog-header.php(19): require_once('/Users/jameswes...')
#2 /Users/jameswesleygoedert/Local Sites/fictional-university/app/public/index.php(17): require('/Users/jameswes...')
#3 {main}
  thrown in /Users/jameswesleygoedert/Local Sites/fictional-university/app/public/wp-content/themes/fictional-university-theme/index.php on line 8
[27-Jul-2024 00:54:40 UTC] PHP Parse error:  syntax error, unexpected token "-", expecting "]" in /Users/jameswesleygoedert/Local Sites/fictional-university/app/public/wp-content/themes/fictional-university-theme/index.php on line 9
[30-Jul-2024 23:39:19 UTC] PHP Warning:  Attempt to read property "title" on null in /Users/jameswesleygoedert/Local Sites/fictional-university/app/public/wp-includes/class-wp-customize-widgets.php on line 905
[30-Jul-2024 23:40:42 UTC] PHP Warning:  Attempt to read property "title" on null in /Users/jameswesleygoedert/Local Sites/fictional-university/app/public/wp-includes/class-wp-customize-widgets.php on line 905
[30-Jul-2024 23:41:02 UTC] PHP Warning:  Attempt to read property "title" on null in /Users/jameswesleygoedert/Local Sites/fictional-university/app/public/wp-includes/class-wp-customize-widgets.php on line 905
[30-Jul-2024 23:54:59 UTC] PHP Warning:  Attempt to read property "title" on null in /Users/jameswesleygoedert/Local Sites/fictional-university/app/public/wp-includes/class-wp-customize-widgets.php on line 905
[31-Jul-2024 00:35:11 UTC] PHP Parse error:  syntax error, unexpected token "}" in /Users/jameswesleygoedert/Local Sites/fictional-university/app/public/wp-content/themes/fictional-university-theme/index.php on line 24
[31-Jul-2024 00:35:15 UTC] PHP Parse error:  syntax error, unexpected token "}" in /Users/jameswesleygoedert/Local Sites/fictional-university/app/public/wp-content/themes/fictional-university-theme/index.php on line 24
[31-Jul-2024 01:02:16 UTC] PHP Warning:  Undefined variable $the_parent in /Users/jameswesleygoedert/Local Sites/fictional-university/app/public/wp-content/themes/fictional-university-theme/single.php on line 17
[31-Jul-2024 15:16:03 UTC] PHP Fatal error:  Uncaught Error: Call to undefined function get_field() in /Users/jameswesleygoedert/Local Sites/fictional-university/app/public/wp-content/themes/fictional-university-theme/front-page.php:27
Stack trace:
#0 /Users/jameswesleygoedert/Local Sites/fictional-university/app/public/wp-includes/template-loader.php(106): include()
#1 /Users/jameswesleygoedert/Local Sites/fictional-university/app/public/wp-blog-header.php(19): require_once('/Users/jameswes...')
#2 /Users/jameswesleygoedert/Local Sites/fictional-university/app/public/index.php(17): require('/Users/jameswes...')
#3 {main}
  thrown in /Users/jameswesleygoedert/Local Sites/fictional-university/app/public/wp-content/themes/fictional-university-theme/front-page.php on line 27
[31-Jul-2024 15:16:32 UTC] PHP Fatal error:  Uncaught Error: Call to undefined function get_field() in /Users/jameswesleygoedert/Local Sites/fictional-university/app/public/wp-content/themes/fictional-university-theme/front-page.php:27
Stack trace:
#0 /Users/jameswesleygoedert/Local Sites/fictional-university/app/public/wp-includes/template-loader.php(106): include()
#1 /Users/jameswesleygoedert/Local Sites/fictional-university/app/public/wp-blog-header.php(19): require_once('/Users/jameswes...')
#2 /Users/jameswesleygoedert/Local Sites/fictional-university/app/public/index.php(17): require('/Users/jameswes...')
#3 {main}
  thrown in /Users/jameswesleygoedert/Local Sites/fictional-university/app/public/wp-content/themes/fictional-university-theme/front-page.php on line 27
