[26-Jul-2024 19:15:45] NOTICE: fpm is running, pid 26251
[26-Jul-2024 19:15:45] NOTICE: ready to handle connections
[26-Jul-2024 19:20:06] NOTICE: Terminating ...
[26-Jul-2024 19:20:06] NOTICE: Terminating ...
[26-Jul-2024 19:20:06] NOTICE: exiting, bye-bye!
[26-Jul-2024 19:20:15] NOTICE: fpm is running, pid 29362
[26-Jul-2024 19:20:15] NOTICE: ready to handle connections
[31-Jul-2024 01:40:49] NOTICE: Terminating ...
[31-Jul-2024 01:40:49] NOTICE: Terminating ...
[31-Jul-2024 01:40:49] NOTICE: exiting, bye-bye!
[31-Jul-2024 01:40:53] NOTICE: fpm is running, pid 95838
[31-Jul-2024 01:40:53] NOTICE: ready to handle connections
[01-Aug-2024 05:02:51] NOTICE: Terminating ...
[01-Aug-2024 05:02:51] NOTICE: Terminating ...
[01-Aug-2024 05:02:51] NOTICE: exiting, bye-bye!
[01-Aug-2024 06:31:59] NOTICE: fpm is running, pid 8962
[01-Aug-2024 06:31:59] NOTICE: ready to handle connections
[02-Aug-2024 22:07:33] NOTICE: Terminating ...
[02-Aug-2024 22:07:33] NOTICE: Terminating ...
[02-Aug-2024 22:07:33] NOTICE: exiting, bye-bye!
[03-Aug-2024 00:07:37] NOTICE: fpm is running, pid 7469
[03-Aug-2024 00:07:37] NOTICE: ready to handle connections
